commit a7a0871bdfec7cb94cd21cf2cd2ba6a20096c271
Author: Jobin Murickan <jobin.murickan@gmail.com>
Date:   Thu Sep 8 18:50:07 2016 -0500

    almost done, making final adjustments

commit 3050d6ac9380eba073234fa8be320d297fb3af26
Author: Jobin Murickan <jobin.murickan@gmail.com>
Date:   Thu Sep 8 06:55:35 2016 -0500

    made final changes and added tests

commit dbd4f53add7812a16572b390fa0b85b498d8ce50
Author: Jobin Murickan <jobin.murickan@gmail.com>
Date:   Mon Sep 5 16:07:41 2016 -0500

    cleaned up repo

commit dc0fda3d4aa68ffb71f284ee4a97e75aae2a1ae8
Author: Jobin Murickan <jobin.murickan@gmail.com>
Date:   Mon Sep 5 15:57:16 2016 -0500

    public repo

commit e258b39fd301f7e07964e062d35d7f88712c2ff0
Author: Jobin Murickan <jobin.murickan@gmail.com>
Date:   Mon Sep 5 15:47:04 2016 -0500

    added public repo back

commit af61bcaf5ebbbf4c948c3c2bdea6f89f5ea79d18
Author: Jobin Murickan <jobin.murickan@gmail.com>
Date:   Mon Sep 5 15:31:37 2016 -0500

    travis.yml added

commit 4c5f2ecb15520f4c13d7186fbda43e4f677a9239
Author: Jobin Murickan <jobin.murickan@gmail.com>
Date:   Mon Sep 5 15:21:34 2016 -0500

    deleted public repo

commit 02fdc9a9a1ac9eace78113ac843d78b0fea6c051
Author: Jobin Murickan <jobin.murickan@gmail.com>
Date:   Fri Sep 2 16:56:57 2016 -0500

    adding public code repo
